# JRE version: Java(TM) SE Runtime Environment (8.0_05-b13) (build 1.8.0_05-b13)
# Java VM: Java HotSpot(TM) 64-Bit Server VM (25.5-b02 mixed mode linux-amd64 compressed oops)
Heap:
 PSYoungGen      total 167936K, used 71156K [0x00000000e1180000, 0x00000000f0100000, 0x0000000100000000)
  eden space 96768K, 0% used [0x00000000e1180000,0x00000000e1180000,0x00000000e7000000)
  from space 71168K, 99% used [0x00000000e7000000,0x00000000eb57d3f0,0x00000000eb580000)
  to   space 64000K, 0% used [0x00000000eb580000,0x00000000eb580000,0x00000000ef400000)
 ParOldGen       total 241152K, used 211160K [0x00000000a3400000, 0x00000000b1f80000, 0x00000000e1180000)
  object space 241152K, 87% used [0x00000000a3400000,0x00000000b0236178,0x00000000b1f80000)
 Metaspace       used 13602K, capacity 13764K, committed 13952K, reserved 1060864K
  class space    used 1519K, capacity 1562K, committed 1664K, reserved 1048576K
GC Heap History (10 events):
Event: 28,351 GC heap after
Heap after GC invocations=32 (full 4):
 PSYoungGen      total 137728K, used 30048K [0x00000000e1180000, 0x00000000ec900000, 0x0000000100000000)
  eden space 93696K, 0% used [0x00000000e1180000,0x00000000e1180000,0x00000000e6d00000)
  from space 44032K, 68% used [0x00000000e9a80000,0x00000000eb7d8000,0x00000000ec580000)
  to   space 46592K, 0% used [0x00000000e6d00000,0x00000000e6d00000,0x00000000e9a80000)
 ParOldGen       total 203264K, used 173498K [0x00000000a3400000, 0x00000000afa80000, 0x00000000e1180000)
  object space 203264K, 85% used [0x00000000a3400000,0x00000000add6ead8,0x00000000afa80000)
 Metaspace       used 13602K, capacity 13764K, committed 13952K, reserved 1060864K
  class space    used 1519K, capacity 1562K, committed 1664K, reserved 1048576K
}
Event: 28,965 GC heap before
{Heap before GC invocations=33 (full 4):
 PSYoungGen      total 137728K, used 123744K [0x00000000e1180000, 0x00000000ec900000, 0x0000000100000000)
  eden space 93696K, 100% used [0x00000000e1180000,0x00000000e6d00000,0x00000000e6d00000)
  from space 44032K, 68% used [0x00000000e9a80000,0x00000000eb7d8000,0x00000000ec580000)
  to   space 46592K, 0% used [0x00000000e6d00000,0x00000000e6d00000,0x00000000e9a80000)
 ParOldGen       total 203264K, used 173498K [0x00000000a3400000, 0x00000000afa80000, 0x00000000e1180000)
  object space 203264K, 85% used [0x00000000a3400000,0x00000000add6ead8,0x00000000afa80000)
 Metaspace       used 13602K, capacity 13764K, committed 13952K, reserved 1060864K
  class space    used 1519K, capacity 1562K, committed 1664K, reserved 1048576K
Event: 30,114 GC heap after
Heap after GC invocations=33 (full 4):
 PSYoungGen      total 140288K, used 46580K [0x00000000e1180000, 0x00000000ef400000, 0x0000000100000000)
  eden space 93696K, 0% used [0x00000000e1180000,0x00000000e1180000,0x00000000e6d00000)
  from space 46592K, 99% used [0x00000000e6d00000,0x00000000e9a7d3f0,0x00000000e9a80000)
  to   space 64000K, 0% used [0x00000000eb580000,0x00000000eb580000,0x00000000ef400000)
 ParOldGen       total 203264K, used 199322K [0x00000000a3400000, 0x00000000afa80000, 0x00000000e1180000)
  object space 203264K, 98% used [0x00000000a3400000,0x00000000af6a6ad8,0x00000000afa80000)
 Metaspace       used 13602K, capacity 13764K, committed 13952K, reserved 1060864K
  class space    used 1519K, capacity 1562K, committed 1664K, reserved 1048576K
}
Event: 30,489 GC heap before
{Heap before GC invocations=34 (full 5):
 PSYoungGen      total 140288K, used 46580K [0x00000000e1180000, 0x00000000ef400000, 0x0000000100000000)
  eden space 93696K, 0% used [0x00000000e1180000,0x00000000e1180000,0x00000000e6d00000)
  from space 46592K, 99% used [0x00000000e6d00000,0x00000000e9a7d3f0,0x00000000e9a80000)
  to   space 64000K, 0% used [0x00000000eb580000,0x00000000eb580000,0x00000000ef400000)
 ParOldGen       total 203264K, used 199322K [0x00000000a3400000, 0x00000000afa80000, 0x00000000e1180000)
  object space 203264K, 98% used [0x00000000a3400000,0x00000000af6a6ad8,0x00000000afa80000)
 Metaspace       used 13602K, capacity 13764K, committed 13952K, reserved 1060864K
  class space    used 1519K, capacity 1562K, committed 1664K, reserved 1048576K
Event: 37,410 GC heap after
Heap after GC invocations=34 (full 5):
 PSYoungGen      total 140288K, used 44511K [0x00000000e1180000, 0x00000000ef400000, 0x0000000100000000)
  eden space 93696K, 0% used [0x00000000e1180000,0x00000000e1180000,0x00000000e6d00000)
  from space 46592K, 95% used [0x00000000e6d00000,0x00000000e9877df0,0x00000000e9a80000)
  to   space 64000K, 0% used [0x00000000eb580000,0x00000000eb580000,0x00000000ef400000)
 ParOldGen       total 220672K, used 185328K [0x00000000a3400000, 0x00000000b0b80000, 0x00000000e1180000)
  object space 220672K, 83% used [0x00000000a3400000,0x00000000ae8fc210,0x00000000b0b80000)
 Metaspace       used 13602K, capacity 13764K, committed 13952K, reserved 1060864K
  class space    used 1519K, capacity 1562K, committed 1664K, reserved 1048576K
}
Event: 38,209 GC heap before
{Heap before GC invocations=35 (full 5):
 PSYoungGen      total 140288K, used 138207K [0x00000000e1180000, 0x00000000ef400000, 0x0000000100000000)
  eden space 93696K, 100% used [0x00000000e1180000,0x00000000e6d00000,0x00000000e6d00000)
  from space 46592K, 95% used [0x00000000e6d00000,0x00000000e9877df0,0x00000000e9a80000)
  to   space 64000K, 0% used [0x00000000eb580000,0x00000000eb580000,0x00000000ef400000)
 ParOldGen       total 220672K, used 185328K [0x00000000a3400000, 0x00000000b0b80000, 0x00000000e1180000)
  object space 220672K, 83% used [0x00000000a3400000,0x00000000ae8fc210,0x00000000b0b80000)
 Metaspace       used 13602K, capacity 13764K, committed 13952K, reserved 1060864K
  class space    used 1519K, capacity 1562K, committed 1664K, reserved 1048576K
Event: 40,530 GC heap after
Heap after GC invocations=35 (full 5):
 PSYoungGen      total 160768K, used 53460K [0x00000000e1180000, 0x00000000f0100000, 0x0000000100000000)
  eden space 96768K, 0% used [0x00000000e1180000,0x00000000e1180000,0x00000000e7000000)
  from space 64000K, 83% used [0x00000000eb580000,0x00000000ee9b53f0,0x00000000ef400000)
  to   space 71168K, 0% used [0x00000000e7000000,0x00000000e7000000,0x00000000eb580000)
 ParOldGen       total 220672K, used 202576K [0x00000000a3400000, 0x00000000b0b80000, 0x00000000e1180000)
  object space 220672K, 91% used [0x00000000a3400000,0x00000000af9d4210,0x00000000b0b80000)
 Metaspace       used 13602K, capacity 13764K, committed 13952K, reserved 1060864K
  class space    used 1519K, capacity 1562K, committed 1664K, reserved 1048576K
}
Event: 40,833 GC heap before
{Heap before GC invocations=36 (full 6):
 PSYoungGen      total 160768K, used 53460K [0x00000000e1180000, 0x00000000f0100000, 0x0000000100000000)
  eden space 96768K, 0% used [0x00000000e1180000,0x00000000e1180000,0x00000000e7000000)
  from space 64000K, 83% used [0x00000000eb580000,0x00000000ee9b53f0,0x00000000ef400000)
  to   space 71168K, 0% used [0x00000000e7000000,0x00000000e7000000,0x00000000eb580000)
 ParOldGen       total 220672K, used 202576K [0x00000000a3400000, 0x00000000b0b80000, 0x00000000e1180000)
  object space 220672K, 91% used [0x00000000a3400000,0x00000000af9d4210,0x00000000b0b80000)
 Metaspace       used 13602K, capacity 13764K, committed 13952K, reserved 1060864K
  class space    used 1519K, capacity 1562K, committed 1664K, reserved 1048576K
Event: 49,614 GC heap after
Heap after GC invocations=36 (full 6):
 PSYoungGen      total 160768K, used 52872K [0x00000000e1180000, 0x00000000f0100000, 0x0000000100000000)
  eden space 96768K, 0% used [0x00000000e1180000,0x00000000e1180000,0x00000000e7000000)
  from space 64000K, 82% used [0x00000000eb580000,0x00000000ee922358,0x00000000ef400000)
  to   space 71168K, 0% used [0x00000000e7000000,0x00000000e7000000,0x00000000eb580000)
 ParOldGen       total 241152K, used 202520K [0x00000000a3400000, 0x00000000b1f80000, 0x00000000e1180000)
  object space 241152K, 83% used [0x00000000a3400000,0x00000000af9c6178,0x00000000b1f80000)
 Metaspace       used 13602K, capacity 13764K, committed 13952K, reserved 1060864K
  class space    used 1519K, capacity 1562K, committed 1664K, reserved 1048576K
}
Event: 54,394 GC heap before
{Heap before GC invocations=37 (full 6):
 PSYoungGen      total 160768K, used 149640K [0x00000000e1180000, 0x00000000f0100000, 0x0000000100000000)
  eden space 96768K, 100% used [0x00000000e1180000,0x00000000e7000000,0x00000000e7000000)
  from space 64000K, 82% used [0x00000000eb580000,0x00000000ee922358,0x00000000ef400000)
  to   space 71168K, 0% used [0x00000000e7000000,0x00000000e7000000,0x00000000eb580000)
 ParOldGen       total 241152K, used 202520K [0x00000000a3400000, 0x00000000b1f80000, 0x00000000e1180000)
  object space 241152K, 83% used [0x00000000a3400000,0x00000000af9c6178,0x00000000b1f80000)
 Metaspace       used 13602K, capacity 13764K, committed 13952K, reserved 1060864K
  class space    used 1519K, capacity 1562K, committed 1664K, reserved 1048576K

